INFO:root:Новость  16:11 Твой дом в Армении – Америабанк предлагает ипотечные кредиты для диаспоры
INFO:root:Новость  15:52 Погода в Армении      
INFO:root:Новость  15:42 Армения участвует в штабных учениях НАТО Regex 2024 в Молдавии
INFO:root:Новость  15:39 ВТБ (Армения) выступил генеральным спонсором концерта в честь 100-летия Шарля Азнавура
INFO:root:Новость  15:35 При содействии компании Ucom в Армении пройдет очередной фестиваль «Дети солнца»
INFO:root:Новость  15:27 Спикер парламента Армении: В четырех селах Тавуша партия «Гражданский договор» одержит уверенную победу
INFO:root:Новость  15:26 Премьер-министр Армении принял заместителя директора ЦРУ США
INFO:root:Новость  15:12 Гросси: МАГАТЭ поддерживает ядерную программу Армении
INFO:root:Новость  15:01 Арутюнян: Правительство Армении заинтересовано в развитии и расширении сотрудничества
INFO:root:Новость  14:59 Оппозиционер: От армян Нагорного Карабаха ожидаем активного участия в общественной жизни Армении
INFO:root:Новость  14:22 На заседании парламента Армении обсуждается вопрос избрания судьи Конституционного суда
INFO:root:Новость  14:20 Спикер парламента Армении: Политика – торговля, а церковь занимается как раз торговлей
INFO:root:Новость  14:07 Секретарь Совета безопасности Армении встретился с Мухаммедом бин Ахмедом аль Миснадом
INFO:root:Новость  14:06 Турция сообщила о передаче Азербайджану модернизированного истребителя
INFO:root:Новость  14:04 Депутат: Происходившее с Нагорным Карабахом повторяется в Армении
INFO:root:Новость  13:55 Спикер парламента Армении: Демаркация вдоль всей границы может продолжиться по тем же картам 1976 года
INFO:root:Новость  13:46 Спикер парламента Армении: Архиепископ Галстанян и политика находятся в тысячах километрах друг от друга
INFO:root:Новость  13:35 Спикер парламента: Избрание архиепископа премьер-министром Армении – это просто абсурд
INFO:root:Новость  13:08 Спикер парламента Армении: Контакты с Николом Пашиняном постоянные
INFO:root:Новость  13:00 Спикер парламента Армении: Вазгена Манукяна заменили Багратом Галстаняном
